============================================================
  Generated by:           Genus(TM) Synthesis Solution 20.11-s111_1
  Generated on:           Oct 17 2025  02:49:07 pm
  Module:                 alu
  Operating conditions:   slow (balanced_tree)
  Wireload mode:          enclosed
  Area mode:              timing library
============================================================

                               
   Gate    Instances    Area   Library 
---------------------------------------
AOI211X1           2    10.597    slow 
AOI21X1           16    72.662    slow 
AOI221X1           8    60.552    slow 
AOI222XL           2    16.652    slow 
AOI22X1            4    24.221    slow 
AOI2BB1X1          1     6.055    slow 
AOI31X1            1     6.055    slow 
AOI31XL            1     6.055    slow 
CLKINVX1          20    45.414    slow 
CLKXOR2X1          1     8.326    slow 
DFFQX1            10   158.949    slow 
INVXL             10    22.707    slow 
MXI2XL            10    60.552    slow 
NAND2BX1          13    59.038    slow 
NAND2BXL           1     4.541    slow 
NAND2XL           27    81.745    slow 
NAND3BX1           1     6.055    slow 
NAND4BXL           1     6.812    slow 
NAND4XL            3    15.895    slow 
NOR2BX1            9    40.873    slow 
NOR2XL            25    75.690    slow 
NOR3X1             1     4.541    slow 
NOR3XL             1     4.541    slow 
OAI211X1           5    26.492    slow 
OAI211XL           3    15.895    slow 
OAI21X1           21    95.369    slow 
OAI21XL            1     4.541    slow 
OAI221X1           1     7.569    slow 
OAI222XL           4    33.304    slow 
OAI22X1            2    12.110    slow 
OAI2BB1X1          6    31.790    slow 
OAI32X1            1     6.812    slow 
OR2X1              2     9.083    slow 
OR2XL              1     4.541    slow 
XNOR2XL            2    16.652    slow 
---------------------------------------
total            217  1062.688         


                                         
     Type      Instances   Area   Area % 
-----------------------------------------
sequential            10  158.949   15.0 
inverter              30   68.121    6.4 
logic                177  835.618   78.6 
physical_cells         0    0.000    0.0 
-----------------------------------------
total                217 1062.688  100.0 

