============================================================
  Generated by:           Genus(TM) Synthesis Solution 20.11-s111_1
  Generated on:           Oct 18 2025  12:10:24 pm
  Module:                 alu
  Operating conditions:   slow (balanced_tree)
  Wireload mode:          enclosed
  Area mode:              timing library
============================================================

                               
   Gate    Instances    Area    Library  
-----------------------------------------
AND2X2             1    13.306    tsmc18 
AND3X2             1    16.632    tsmc18 
AOI211X1           2    33.264    tsmc18 
AOI211XL           1    16.632    tsmc18 
AOI21X1            6    79.834    tsmc18 
AOI21XL            2    26.611    tsmc18 
AOI221X1           7   162.994    tsmc18 
AOI222X1           2    53.222    tsmc18 
AOI22X1            9   149.688    tsmc18 
AOI2BB1X1          2    33.264    tsmc18 
AOI2BB1XL          3    49.896    tsmc18 
AOI2BB2X1          8   186.278    tsmc18 
AOI31X1            2    33.264    tsmc18 
AOI32X1            1    23.285    tsmc18 
AOI33X1            1    26.611    tsmc18 
DFFHQX1            8   425.779    tsmc18 
DFFTRX1            1    56.549    tsmc18 
DFFX1              1    56.549    tsmc18 
INVX1             14    93.139    tsmc18 
INVXL              6    39.917    tsmc18 
MXI2X1             2    46.570    tsmc18 
NAND2BX1          11   146.362    tsmc18 
NAND2X1           20   199.584    tsmc18 
NAND3BX1           1    16.632    tsmc18 
NAND4BXL           2    39.917    tsmc18 
NAND4X1            2    33.264    tsmc18 
NAND4XL            1    16.632    tsmc18 
NOR2BX1           11   146.362    tsmc18 
NOR2BXL            3    39.917    tsmc18 
NOR2X1            17   169.646    tsmc18 
NOR3X1             1    13.306    tsmc18 
NOR4BX1            1    19.958    tsmc18 
OAI21XL           13   172.973    tsmc18 
OAI221XL           6   139.709    tsmc18 
OAI22X1            1    19.958    tsmc18 
OAI2BB1X1          6    99.792    tsmc18 
OAI2BB2X1         11   256.133    tsmc18 
OAI2BB2XL          1    23.285    tsmc18 
XNOR2X1            1    26.611    tsmc18 
XOR2X1             4   106.445    tsmc18 
-----------------------------------------
total            193  3309.768           


                                         
     Type      Instances   Area   Area % 
-----------------------------------------
sequential            10  538.877   16.3 
inverter              20  133.056    4.0 
logic                163 2637.835   79.7 
physical_cells         0    0.000    0.0 
-----------------------------------------
total                193 3309.768  100.0 

